<?xml version="1.0" encoding="UTF-8"?>
<!-- Generated by org.testng.reporters.JUnitReportReporter -->
<testsuite hostname="LAPTOP-LBIUQGKJ" failures="0" tests="1" name="javascriptExecutor.PassDataAndClickElement" time="21.775" errors="0" timestamp="2022-12-19T15:52:53 IST" skipped="0">
  <testcase classname="javascriptExecutor.PassDataAndClickElement" name="demo" time="21.775"/>
  <system-out/>
</testsuite> <!-- javascriptExecutor.PassDataAndClickElement -->
