<?xml version="1.0" encoding="UTF-8"?>
<!-- Generated by org.testng.reporters.JUnitReportReporter -->
<testsuite hostname="LAPTOP-LBIUQGKJ" failures="0" tests="1" name="synchronization.FluentWaitPractice" time="75.585" errors="0" timestamp="2022-12-18T21:31:59 IST" skipped="0">
  <testcase classname="synchronization.FluentWaitPractice" name="demo" time="75.585"/>
  <system-out/>
</testsuite> <!-- synchronization.FluentWaitPractice -->
