<?xml version="1.0" encoding="UTF-8"?>
<!-- Generated by org.testng.reporters.JUnitReportReporter -->
<testsuite hostname="LAPTOP-LBIUQGKJ" failures="0" tests="1" name="RemoveAutomationMsgBar" time="142.737" errors="0" timestamp="2022-12-20T15:39:31 IST" skipped="0">
  <testcase classname="RemoveAutomationMsgBar" name="demo" time="142.737"/>
  <system-out/>
</testsuite> <!-- RemoveAutomationMsgBar -->
