<?xml version="1.0" encoding="UTF-8"?>
<!-- Generated by org.testng.reporters.JUnitReportReporter -->
<testsuite hostname="LAPTOP-LBIUQGKJ" failures="0" tests="1" name="chromeOptions.IncognitoMode" time="14.941" errors="0" timestamp="2022-12-20T16:10:30 IST" skipped="0">
  <testcase classname="chromeOptions.IncognitoMode" name="demo" time="14.941"/>
  <system-out/>
</testsuite> <!-- chromeOptions.IncognitoMode -->
