<?xml version="1.0" encoding="UTF-8"?>
<!-- Generated by org.testng.reporters.JUnitReportReporter -->
<testsuite hostname="LAPTOP-LBIUQGKJ" failures="0" tests="1" name="javascriptExecutor.NavigateToApplication" time="57.730" errors="0" timestamp="2022-12-19T15:26:28 IST" skipped="0">
  <testcase classname="javascriptExecutor.NavigateToApplication" name="demo" time="57.730"/>
  <system-out/>
</testsuite> <!-- javascriptExecutor.NavigateToApplication -->
