<?xml version="1.0" encoding="UTF-8"?>
<!-- Generated by org.testng.reporters.JUnitReportReporter -->
<testsuite hostname="LAPTOP-LBIUQGKJ" failures="0" tests="1" name="synchronization.CustomWaitPractice" time="57.879" errors="0" timestamp="2022-12-19T16:42:48 IST" skipped="0">
  <testcase classname="synchronization.CustomWaitPractice" name="demo" time="57.879"/>
  <system-out/>
</testsuite> <!-- synchronization.CustomWaitPractice -->
