<?xml version="1.0" encoding="UTF-8"?>
<!-- Generated by org.testng.reporters.JUnitReportReporter -->
<testsuite hostname="LAPTOP-LBIUQGKJ" failures="0" tests="1" name="chromeOptions.DisabledNotifications" time="26.768" errors="0" timestamp="2022-12-20T16:09:59 IST" skipped="0">
  <testcase classname="chromeOptions.DisabledNotifications" name="demo" time="26.768"/>
  <system-out/>
</testsuite> <!-- chromeOptions.DisabledNotifications -->
