<?xml version="1.0" encoding="UTF-8"?>
<!-- Generated by org.testng.reporters.JUnitReportReporter -->
<testsuite hostname="LAPTOP-LBIUQGKJ" failures="0" tests="1" name="javascriptExecutor.HandlingDisabledElement" time="7.402" errors="0" timestamp="2022-12-20T14:38:45 IST" skipped="0">
  <testcase classname="javascriptExecutor.HandlingDisabledElement" name="demo" time="7.402"/>
  <system-out/>
</testsuite> <!-- javascriptExecutor.HandlingDisabledElement -->
