<?xml version="1.0" encoding="UTF-8"?>
<!-- Generated by org.testng.reporters.JUnitReportReporter -->
<testsuite hostname="LAPTOP-LBIUQGKJ" failures="0" tests="1" name="xmlFile.FirstTest" time="69.290" errors="0" timestamp="2022-12-17T14:58:53 IST" skipped="0">
  <testcase classname="xmlFile.FirstTest" name="demo" time="69.290"/>
  <system-out/>
</testsuite> <!-- xmlFile.FirstTest -->
