<?xml version="1.0" encoding="UTF-8"?>
<!-- Generated by org.testng.reporters.JUnitReportReporter -->
<testsuite hostname="LAPTOP-LBIUQGKJ" failures="0" tests="1" name="javascriptExecutor.RefreshPage" time="19.774" errors="0" timestamp="2022-12-19T15:36:34 IST" skipped="0">
  <testcase classname="javascriptExecutor.RefreshPage" name="demo" time="19.774"/>
  <system-out/>
</testsuite> <!-- javascriptExecutor.RefreshPage -->
